<?xml version="1.0" encoding="UTF-8"?>
<!-- Generated by org.testng.reporters.JUnitReportReporter -->
<testsuite hostname="LAPTOP-PU6CPAVT" failures="0" tests="3" name="testNgAnnotations.Demo1" time="0.008" errors="0" timestamp="2023-12-21T14:13:37 IST" skipped="0">
  <testcase classname="testNgAnnotations.Demo1" name="webAppPostedit" time="0.003"/>
  <testcase classname="testNgAnnotations.Demo1" name="webAppPostDelete" time="0.003"/>
  <testcase classname="testNgAnnotations.Demo1" name="webAppPostcreation" time="0.002"/>
</testsuite> <!-- testNgAnnotations.Demo1 -->
