<?xml version="1.0" encoding="UTF-8"?>
<!-- Generated by org.testng.reporters.JUnitReportReporter -->
<testsuite hostname="LAPTOP-PU6CPAVT" failures="0" tests="4" name="Selenium.WebDriver.TestDataProvider" time="0.031" errors="0" timestamp="2023-12-26T10:46:14 IST" skipped="0">
  <testcase classname="Selenium.WebDriver.TestDataProvider" name="testcaseData" time="0.011"/>
  <testcase classname="Selenium.WebDriver.TestDataProvider" name="testcaseData" time="0.005"/>
  <testcase classname="Selenium.WebDriver.TestDataProvider" name="testcaseData" time="0.004"/>
  <testcase classname="Selenium.WebDriver.TestDataProvider" name="testcaseData" time="0.011"/>
</testsuite> <!-- Selenium.WebDriver.TestDataProvider -->
