<?xml version="1.0" encoding="UTF-8"?>
<!-- Generated by org.testng.reporters.JUnitReportReporter -->
<testsuite hostname="LAPTOP-PU6CPAVT" failures="0" tests="7" name="testNgAnnotations.Demo2" time="0.025" errors="0" timestamp="2023-12-21T14:13:37 IST" skipped="0">
  <testcase classname="testNgAnnotations.Demo2" name="iosAppPostedit" time="0.004"/>
  <testcase classname="testNgAnnotations.Demo2" name="iosAppPostedit" time="0.004"/>
  <testcase classname="testNgAnnotations.Demo2" name="iosAppPostedit" time="0.003"/>
  <testcase classname="testNgAnnotations.Demo2" name="iosPostcreation" time="0.004"/>
  <testcase classname="testNgAnnotations.Demo2" name="iosPostDelete" time="0.003"/>
  <testcase classname="testNgAnnotations.Demo2" name="iosPostcreation" time="0.003"/>
  <testcase classname="testNgAnnotations.Demo2" name="iosPostcreation" time="0.004"/>
</testsuite> <!-- testNgAnnotations.Demo2 -->
