<?xml version="1.0" encoding="UTF-8"?>
<!-- Generated by org.testng.reporters.JUnitReportReporter -->
<testsuite hostname="LAPTOP-PU6CPAVT" failures="0" tests="2" name="testNgAnnotations.Demo4" time="0.006" errors="0" timestamp="2023-12-21T14:13:37 IST" skipped="0">
  <testcase classname="testNgAnnotations.Demo4" name="adminPostedit" time="0.003"/>
  <testcase classname="testNgAnnotations.Demo4" name="adminPostDelete" time="0.003"/>
</testsuite> <!-- testNgAnnotations.Demo4 -->
