<?xml version="1.0" encoding="UTF-8"?>
<!-- Generated by org.testng.reporters.JUnitReportReporter -->
<testsuite hostname="LAPTOP-PU6CPAVT" failures="0" tests="3" name="testNgAnnotations.Demo3" time="0.004" errors="0" timestamp="2023-12-21T14:13:37 IST" skipped="0">
  <testcase classname="testNgAnnotations.Demo3" name="androidPostedit" time="0.001"/>
  <testcase classname="testNgAnnotations.Demo3" name="androidPostcreation" time="0.002"/>
  <testcase classname="testNgAnnotations.Demo3" name="androidPostDelete" time="0.001"/>
</testsuite> <!-- testNgAnnotations.Demo3 -->
