<?xml version="1.0" encoding="UTF-8"?>
<!-- Generated by org.testng.reporters.JUnitReportReporter -->
<testsuite hostname="LAPTOP-PU6CPAVT" failures="0" tests="1" name="Selenium.WebDriver.TestNGDemo" time="0.012" errors="0" timestamp="2023-12-21T14:13:37 IST" skipped="0">
  <testcase classname="Selenium.WebDriver.TestNGDemo" name="firstTest" time="0.012"/>
</testsuite> <!-- Selenium.WebDriver.TestNGDemo -->
