<?xml version="1.0" encoding="UTF-8"?>
<!-- Generated by org.testng.reporters.JUnitReportReporter -->
<testsuite hostname="LAPTOP-PU6CPAVT" failures="0" tests="1" name="Selenium.WebDriver.TestDataProvider2" time="1.172" errors="0" timestamp="2023-12-26T10:38:59 IST" skipped="0">
  <testcase classname="Selenium.WebDriver.TestDataProvider2" name="getData" time="1.172"/>
</testsuite> <!-- Selenium.WebDriver.TestDataProvider2 -->
